2024-02-09 20:33:01  [main] ERROR o.s.boot.SpringApplication.reportFailure 819 - Application run failed
java.lang.IllegalStateException: java.lang.IllegalStateException: Logback configuration error detected: 
ERROR in ch.qos.logback.core.joran.spi.Interpreter@31:25 - no applicable action for [connectTimeout], current ElementPath  is [[configuration][appender][connectTimeout]]
ERROR in ch.qos.logback.core.joran.spi.Interpreter@32:29 - no applicable action for [terminationTimeout], current ElementPath  is [[configuration][appender][terminationTimeout]]
	at org.springframework.boot.context.logging.LoggingApplicationListener.initializeSystem(LoggingApplicationListener.java:328)
	at org.springframework.boot.context.logging.LoggingApplicationListener.initialize(LoggingApplicationListener.java:282)
	at org.springframework.boot.context.logging.LoggingApplicationListener.onApplicationEnvironmentPreparedEvent(LoggingApplicationListener.java:240)
	at org.springframework.boot.context.logging.LoggingApplicationListener.onApplicationEvent(LoggingApplicationListener.java:216)
	at org.springframework.context.event.SimpleApplicationEventMulticaster.doInvokeListener(SimpleApplicationEventMulticaster.java:176)
	at org.springframework.context.event.SimpleApplicationEventMulticaster.invokeListener(SimpleApplicationEventMulticaster.java:169)
	at org.springframework.context.event.SimpleApplicationEventMulticaster.multicastEvent(SimpleApplicationEventMulticaster.java:143)
	at org.springframework.context.event.SimpleApplicationEventMulticaster.multicastEvent(SimpleApplicationEventMulticaster.java:131)
	at org.springframework.boot.context.event.EventPublishingRunListener.environmentPrepared(EventPublishingRunListener.java:85)
	at org.springframework.boot.SpringApplicationRunListeners.lambda$environmentPrepared$2(SpringApplicationRunListeners.java:66)
	at java.base/java.util.ArrayList.forEach(ArrayList.java:1541)
	at org.springframework.boot.SpringApplicationRunListeners.doWithListeners(SpringApplicationRunListeners.java:120)
	at org.springframework.boot.SpringApplicationRunListeners.doWithListeners(SpringApplicationRunListeners.java:114)
	at org.springframework.boot.SpringApplicationRunListeners.environmentPrepared(SpringApplicationRunListeners.java:65)
	at org.springframework.boot.SpringApplication.prepareEnvironment(SpringApplication.java:338)
	at org.springframework.boot.SpringApplication.run(SpringApplication.java:296)
	at org.springframework.boot.SpringApplication.run(SpringApplication.java:1301)
	at org.springframework.boot.SpringApplication.run(SpringApplication.java:1290)
	at no.nav.eux.rina.admin.EuxRinaIrSyncApplication.main(EuxRinaIrSyncApplication.java:22)
	at java.base/jdk.internal.reflect.NativeMethodAccessorImpl.invoke0(Native Method)
	at java.base/jdk.internal.reflect.NativeMethodAccessorImpl.invoke(NativeMethodAccessorImpl.java:62)
	at java.base/jdk.internal.reflect.DelegatingMethodAccessorImpl.invoke(DelegatingMethodAccessorImpl.java:43)
	at java.base/java.lang.reflect.Method.invoke(Method.java:566)
	at org.springframework.boot.loader.MainMethodRunner.run(MainMethodRunner.java:49)
	at org.springframework.boot.loader.Launcher.launch(Launcher.java:108)
	at org.springframework.boot.loader.Launcher.launch(Launcher.java:58)
	at org.springframework.boot.loader.JarLauncher.main(JarLauncher.java:88)
Caused by: java.lang.IllegalStateException: Logback configuration error detected: 
ERROR in ch.qos.logback.core.joran.spi.Interpreter@31:25 - no applicable action for [connectTimeout], current ElementPath  is [[configuration][appender][connectTimeout]]
ERROR in ch.qos.logback.core.joran.spi.Interpreter@32:29 - no applicable action for [terminationTimeout], current ElementPath  is [[configuration][appender][terminationTimeout]]
	at org.springframework.boot.logging.logback.LogbackLoggingSystem.loadConfiguration(LogbackLoggingSystem.java:179)
	at org.springframework.boot.logging.AbstractLoggingSystem.initializeWithSpecificConfig(AbstractLoggingSystem.java:66)
	at org.springframework.boot.logging.AbstractLoggingSystem.initialize(AbstractLoggingSystem.java:57)
	at org.springframework.boot.logging.logback.LogbackLoggingSystem.initialize(LogbackLoggingSystem.java:132)
	at org.springframework.boot.context.logging.LoggingApplicationListener.initializeSystem(LoggingApplicationListener.java:316)
	... 26 common frames omitted
2024-02-09 20:33:22  [main] INFO  o.s.boot.StartupInfoLogger.logStarting 55 - Starting EuxRinaIrSyncApplication v6.2.13-RELEASE using Java 11.0.21 on arnolaptop with PID 7567 (/home/arno/RiderProjects/eux-rina-irsync/eux-rina-irsync-6.2.13-RELEASE.jar started by arno in /home/arno/RiderProjects/eux-rina-irsync)
2024-02-09 20:33:22  [main] INFO  o.s.boot.SpringApplication.logStartupProfileInfo 635 - No active profile set, falling back to default profiles: default
2024-02-09 20:33:23  [main] INFO  c.u.j.c.EnableEncryptablePropertiesBeanFactoryPostProcessor.postProcessBeanFactory 48 - Post-processing PropertySource instances
2024-02-09 20:33:24  [main] INFO  c.u.j.EncryptablePropertySourceConverter.makeEncryptable 38 - Converting PropertySource configurationProperties [org.springframework.boot.context.properties.source.ConfigurationPropertySourcesPropertySource] to AOP Proxy
2024-02-09 20:33:24  [main] INFO  c.u.j.EncryptablePropertySourceConverter.makeEncryptable 38 - Converting PropertySource servletConfigInitParams [org.springframework.core.env.PropertySource$StubPropertySource] to EncryptablePropertySourceWrapper
2024-02-09 20:33:24  [main] INFO  c.u.j.EncryptablePropertySourceConverter.makeEncryptable 38 - Converting PropertySource servletContextInitParams [org.springframework.core.env.PropertySource$StubPropertySource] to EncryptablePropertySourceWrapper
2024-02-09 20:33:24  [main] INFO  c.u.j.EncryptablePropertySourceConverter.makeEncryptable 38 - Converting PropertySource systemProperties [org.springframework.core.env.PropertiesPropertySource] to EncryptableMapPropertySourceWrapper
2024-02-09 20:33:24  [main] INFO  c.u.j.EncryptablePropertySourceConverter.makeEncryptable 38 - Converting PropertySource systemEnvironment [org.springframework.boot.env.SystemEnvironmentPropertySourceEnvironmentPostProcessor$OriginAwareSystemEnvironmentPropertySource] to EncryptableMapPropertySourceWrapper
2024-02-09 20:33:24  [main] INFO  c.u.j.EncryptablePropertySourceConverter.makeEncryptable 38 - Converting PropertySource random [org.springframework.boot.env.RandomValuePropertySource] to EncryptablePropertySourceWrapper
2024-02-09 20:33:24  [main] INFO  c.u.j.EncryptablePropertySourceConverter.makeEncryptable 38 - Converting PropertySource Config resource 'file [config/application.yml]' via location 'optional:file:./config/' [org.springframework.boot.env.OriginTrackedMapPropertySource] to EncryptableMapPropertySourceWrapper
2024-02-09 20:33:24  [main] INFO  c.u.j.r.DefaultLazyPropertyResolver.lambda$new$2 34 - Property Resolver custom Bean not found with name 'encryptablePropertyResolver'. Initializing Default Property Resolver
2024-02-09 20:33:24  [main] INFO  c.u.j.d.DefaultLazyPropertyDetector.lambda$new$2 31 - Property Detector custom Bean not found with name 'encryptablePropertyDetector'. Initializing Default Property Detector
2024-02-09 20:33:24  [main] INFO  org.eclipse.jetty.util.log.Log.initialized 170 - Logging initialized @2487ms to org.eclipse.jetty.util.log.Slf4jLog
2024-02-09 20:33:24  [main] INFO  o.s.b.w.e.j.JettyServletWebServerFactory.getWebServer 166 - Server initialized with port: 9090
2024-02-09 20:33:24  [main] INFO  org.eclipse.jetty.server.Server.doStart 375 - jetty-9.4.44.v20210927; built: 2021-09-27T23:02:44.612Z; git: 8da83308eeca865e495e53ef315a249d63ba9332; jvm 11.0.21+9-post-Ubuntu-0ubuntu122.04
2024-02-09 20:33:24  [main] INFO  o.e.j.s.h.ContextHandler$Context.log 2347 - Initializing Spring embedded WebApplicationContext
2024-02-09 20:33:24  [main] INFO  o.s.b.w.s.c.ServletWebServerApplicationContext.prepareWebApplicationContext 290 - Root WebApplicationContext: initialization completed in 1342 ms
2024-02-09 20:33:24  [main] INFO  o.e.j.s.s.DefaultSessionIdManager.doStart 334 - DefaultSessionIdManager workerName=node0
2024-02-09 20:33:24  [main] INFO  o.e.j.s.s.DefaultSessionIdManager.doStart 339 - No SessionScavenger set, using defaults
2024-02-09 20:33:24  [main] INFO  o.e.jetty.server.session.HouseKeeper.startScavenging 132 - node0 Scavenging every 660000ms
2024-02-09 20:33:24  [main] INFO  o.e.j.server.handler.ContextHandler.doStart 915 - Started o.s.b.w.e.j.JettyEmbeddedWebAppContext@30ed9c6c{application,/,[file:///tmp/jetty-docbase.9090.9596161318033373013/],AVAILABLE}
2024-02-09 20:33:24  [main] INFO  org.eclipse.jetty.server.Server.doStart 415 - Started @2992ms
2024-02-09 20:33:24  [main] INFO  c.u.j.encryptor.DefaultLazyEncryptor.lambda$new$2 33 - String Encryptor custom Bean not found with name 'jasyptStringEncryptor'. Initializing Default String Encryptor
2024-02-09 20:33:24  [main] INFO  c.u.j.encryptor.DefaultLazyEncryptor.lambda$new$2 33 - String Encryptor custom Bean not found with name 'jasyptStringEncryptor'. Initializing Default String Encryptor
2024-02-09 20:33:24  [main] WARN  o.s.c.s.AbstractApplicationContext.refresh 591 - Exception encountered during context initialization - cancelling refresh attempt: org.springframework.boot.context.properties.ConfigurationPropertiesBindException: Error creating bean with name 'rinaTenantProperties': Could not bind properties to 'RinaTenantProperties' : prefix=rina, ignoreInvalidFields=false, ignoreUnknownFields=true; nested exception is org.springframework.boot.context.properties.bind.BindException: Failed to bind properties under 'rina.tenants[0].adminpwd' to java.lang.String
2024-02-09 20:33:24  [main] INFO  o.e.jetty.server.session.HouseKeeper.stopScavenging 149 - node0 Stopped scavenging
2024-02-09 20:33:24  [main] INFO  o.e.j.server.handler.ContextHandler.doStop 1153 - Stopped o.s.b.w.e.j.JettyEmbeddedWebAppContext@30ed9c6c{application,/,[file:///tmp/jetty-docbase.9090.9596161318033373013/],STOPPED}
2024-02-09 20:33:24  [main] INFO  o.s.b.a.l.ConditionEvaluationReportLoggingListener.logMessage 136 - 

Error starting ApplicationContext. To display the conditions report re-run your application with 'debug' enabled.
2024-02-09 20:33:24  [main] ERROR o.s.b.d.LoggingFailureAnalysisReporter.report 40 - 

***************************
APPLICATION FAILED TO START
***************************

Description:

Failed to bind properties under 'rina.tenants[0].adminpwd' to java.lang.String:

    Reason: java.lang.IllegalStateException: Required Encryption configuration property missing: jasypt.encryptor.password

Action:

Update your application's configuration

